  ConsoleApplication1.c
d:\team\consoleapplication1\consoleapplication1\consoleapplication1.c(91): warning C4229: 오래된 구문을 사용했습니다. 데이터의 한정자가 무시됩니다.
d:\team\consoleapplication1\consoleapplication1\consoleapplication1.c(91): warning C4047: '함수': 'LPTHREAD_START_ROUTINE'의 간접 참조 수준이 'DWORD'과(와) 다릅니다.
d:\team\consoleapplication1\consoleapplication1\consoleapplication1.c(91): warning C4024: 'CreateThread': 형식 및 실제 매개 변수 3의 형식이 서로 다릅니다.
d:\team\consoleapplication1\consoleapplication1\consoleapplication1.c(92): warning C4229: 오래된 구문을 사용했습니다. 데이터의 한정자가 무시됩니다.
d:\team\consoleapplication1\consoleapplication1\consoleapplication1.c(92): warning C4047: '함수': 'LPTHREAD_START_ROUTINE'의 간접 참조 수준이 'DWORD'과(와) 다릅니다.
d:\team\consoleapplication1\consoleapplication1\consoleapplication1.c(92): warning C4024: 'CreateThread': 형식 및 실제 매개 변수 3의 형식이 서로 다릅니다.
d:\team\consoleapplication1\consoleapplication1\consoleapplication1.c(67): warning C4996: 'strcpy': This function or variable may be unsafe. Consider using strcpy_s instead. To disable deprecation, use _CRT_SECURE_NO_WARNINGS. See online help for details.
  c:\program files (x86)\windows kits\10\include\10.0.17134.0\ucrt\string.h(133): note: 'strcpy' 선언을 참조하십시오.
d:\team\consoleapplication1\consoleapplication1\consoleapplication1.c(68): warning C4996: 'strcpy': This function or variable may be unsafe. Consider using strcpy_s instead. To disable deprecation, use _CRT_SECURE_NO_WARNINGS. See online help for details.
  c:\program files (x86)\windows kits\10\include\10.0.17134.0\ucrt\string.h(133): note: 'strcpy' 선언을 참조하십시오.
d:\team\consoleapplication1\consoleapplication1\consoleapplication1.c(83): warning C4996: 'inet_addr': Use inet_pton() or InetPton() instead or define _WINSOCK_DEPRECATED_NO_WARNINGS to disable deprecated API warnings
  c:\program files (x86)\windows kits\10\include\10.0.17134.0\um\winsock2.h(1830): note: 'inet_addr' 선언을 참조하십시오.
d:\team\consoleapplication1\consoleapplication1\consoleapplication1.c(63): warning C4101: 'strLen' :참조되지 않은 지역 변수입니다.
d:\team\consoleapplication1\consoleapplication1\consoleapplication1.c(104): warning C4047: '함수': 'int'의 간접 참조 수준이 'char [2]'과(와) 다릅니다.
d:\team\consoleapplication1\consoleapplication1\consoleapplication1.c(104): warning C4024: 'fputc': 형식 및 실제 매개 변수 1의 형식이 서로 다릅니다.
d:\team\consoleapplication1\consoleapplication1\consoleapplication1.c(178): warning C4996: 'strcpy': This function or variable may be unsafe. Consider using strcpy_s instead. To disable deprecation, use _CRT_SECURE_NO_WARNINGS. See online help for details.
  c:\program files (x86)\windows kits\10\include\10.0.17134.0\ucrt\string.h(133): note: 'strcpy' 선언을 참조하십시오.
d:\team\consoleapplication1\consoleapplication1\consoleapplication1.c(180): warning C4996: 'strcpy': This function or variable may be unsafe. Consider using strcpy_s instead. To disable deprecation, use _CRT_SECURE_NO_WARNINGS. See online help for details.
  c:\program files (x86)\windows kits\10\include\10.0.17134.0\ucrt\string.h(133): note: 'strcpy' 선언을 참조하십시오.
d:\team\consoleapplication1\consoleapplication1\consoleapplication1.c(124): warning C4101: 'strLen' :참조되지 않은 지역 변수입니다.
d:\team\consoleapplication1\consoleapplication1\consoleapplication1.c(215): warning C4996: 'scanf': This function or variable may be unsafe. Consider using scanf_s instead. To disable deprecation, use _CRT_SECURE_NO_WARNINGS. See online help for details.
  c:\program files (x86)\windows kits\10\include\10.0.17134.0\ucrt\stdio.h(1274): note: 'scanf' 선언을 참조하십시오.
d:\team\consoleapplication1\consoleapplication1\consoleapplication1.c(208): warning C4101: 'Player_input' :참조되지 않은 지역 변수입니다.
  ConsoleApplication1.vcxproj -> D:\TEAM\ConsoleApplication1\Debug\ConsoleApplication1.exe
